<?xml version="1.0" encoding="UTF-8"?>
<!-- Generated by org.testng.reporters.JUnitReportReporter -->
<testsuite skipped="0" hostname="NLAMSHQ3738525L" name="Assignment.Rest_Assured_BBLog.RegistrationTest" tests="2" failures="0" timestamp="08 Jun 2021 14:25:28 GMT" time="0.913" errors="0">
  <testcase name="verifySignUpUserTest" time="0.317" classname="Assignment.Rest_Assured_BBLog.RegistrationTest"/>
  <testcase name="verifyAlreadyExistUserErrorTest" time="0.596" classname="Assignment.Rest_Assured_BBLog.RegistrationTest"/>
</testsuite> <!-- Assignment.Rest_Assured_BBLog.RegistrationTest -->
