<?xml version="1.0" encoding="UTF-8"?>
<!-- Generated by org.testng.reporters.JUnitReportReporter -->
<testsuite skipped="0" hostname="NLAMSHQ3738525L" name="Assignment.Rest_Assured_BBLog.NonAuthenticateUserTest" tests="1" failures="0" timestamp="08 Jun 2021 14:25:28 GMT" time="0.230" errors="0">
  <testcase name="verifyAuthenticationRequiredErrorTest" time="0.230" classname="Assignment.Rest_Assured_BBLog.NonAuthenticateUserTest"/>
</testsuite> <!-- Assignment.Rest_Assured_BBLog.NonAuthenticateUserTest -->
