<?xml version="1.0" encoding="UTF-8"?>
<!-- Generated by org.testng.reporters.JUnitReportReporter -->
<testsuite skipped="0" hostname="NLAMSHQ3738525L" name="Assignment.Rest_Assured_BBLog.LoginTest" tests="1" failures="0" timestamp="08 Jun 2021 14:25:28 GMT" time="9.111" errors="0">
  <testcase name="verifyLoginUserTest" time="9.111" classname="Assignment.Rest_Assured_BBLog.LoginTest"/>
</testsuite> <!-- Assignment.Rest_Assured_BBLog.LoginTest -->
